<?xml version="1.0" encoding="UTF-8"?>
<testsuite name="FamilyMapperTest" tests="1" skipped="0" failures="0" errors="0" timestamp="2019-12-06T06:50:47" hostname="kakaogamesui-MacBook-Pro-101.local" time="0.006">
  <properties/>
  <testcase name="test" classname="FamilyMapperTest" time="0.006"/>
  <system-out><![CDATA[Dad
Mom
Son
]]></system-out>
  <system-err><![CDATA[]]></system-err>
</testsuite>
